<?xml version="1.0" encoding="UTF-8"?>
<!-- Generated by org.testng.reporters.JUnitReportReporter -->
<testsuite skipped="0" hostname="DESKTOP-5P3NRET" name="DynamicPostClass" tests="3" failures="0" timestamp="2022-02-01T18:19:47 IST" time="2.160" errors="0">
  <testcase name="addBook" time="1.655" classname="DynamicPostClass"/>
  <system-out/>
  <testcase name="addBook" time="0.251" classname="DynamicPostClass"/>
  <system-out/>
  <testcase name="addBook" time="0.254" classname="DynamicPostClass"/>
  <system-out/>
</testsuite> <!-- DynamicPostClass -->
