<?xml version="1.0" encoding="UTF-8"?>
<!-- Generated by org.testng.reporters.JUnitReportReporter -->
<testsuite skipped="0" hostname="DESKTOP-5P3NRET" name="sumValidation" tests="1" failures="0" timestamp="2022-01-31T14:39:38 IST" time="0.822" errors="0">
  <testcase name="sumOfCourses" time="0.822" classname="sumValidation"/>
  <system-out/>
</testsuite> <!-- sumValidation -->
