<?xml version="1.0" encoding="UTF-8"?>
<!-- Generated by org.testng.reporters.JUnitReportReporter -->
<testsuite skipped="0" hostname="DESKTOP-5P3NRET" name="TestData.JobTrack360Maven.CreateNewProposalTest" tests="1" failures="0" timestamp="2022-02-03T19:35:43 IST" time="0.033" errors="1">
  <testcase name="right" time="0.033" classname="TestData.JobTrack360Maven.CreateNewProposalTest">
    <error type="java.lang.IllegalStateException" message="The driver executable must exist: C:\Users\softsuave\WorkSiteLabs\JobTrack360Maven\
C:\Users\softsuave\Downloads\chromedriver_win32 (7)\chromedriver.exe">
      <![CDATA[java.lang.IllegalStateException: The driver executable must exist: C:\Users\softsuave\WorkSiteLabs\JobTrack360Maven\
C:\Users\softsuave\Downloads\chromedriver_win32 (7)\chromedriver.exe
at org.openqa.selenium.internal.Require$FileStateChecker.isFile(Require.java:315)
at org.openqa.selenium.remote.service.DriverService.checkExecutable(DriverService.java:144)
at org.openqa.selenium.remote.service.DriverService.findExecutable(DriverService.java:139)
at org.openqa.selenium.chrome.ChromeDriverService.access$000(ChromeDriverService.java:38)
at org.openqa.selenium.chrome.ChromeDriverService$Builder.findDefaultExecutable(ChromeDriverService.java:231)
at org.openqa.selenium.remote.service.DriverService$Builder.build(DriverService.java:434)
at org.openqa.selenium.chrome.ChromeDriverService.createDefaultService(ChromeDriverService.java:127)
at org.openqa.selenium.chrome.ChromeDriver.<init>(ChromeDriver.java:46)
at TestData.JobTrack360Maven.Basic.first(Basic.java:19)
at TestData.JobTrack360Maven.CreateNewProposalTest.right(CreateNewProposalTest.java:10)
at sun.reflect.NativeMethodAccessorImpl.invoke0(Native Method)
at sun.reflect.NativeMethodAccessorImpl.invoke(Unknown Source)
at sun.reflect.DelegatingMethodAccessorImpl.invoke(Unknown Source)
at java.lang.reflect.Method.invoke(Unknown Source)
at org.testng.internal.MethodInvocationHelper.invokeMethod(MethodInvocationHelper.java:133)
at org.testng.internal.TestInvoker.invokeMethod(TestInvoker.java:598)
at org.testng.internal.TestInvoker.invokeTestMethod(TestInvoker.java:173)
at org.testng.internal.MethodRunner.runInSequence(MethodRunner.java:46)
at org.testng.internal.TestInvoker$MethodInvocationAgent.invoke(TestInvoker.java:824)
at org.testng.internal.TestInvoker.invokeTestMethods(TestInvoker.java:146)
at org.testng.internal.TestMethodWorker.invokeTestMethods(TestMethodWorker.java:146)
at org.testng.internal.TestMethodWorker.run(TestMethodWorker.java:128)
at java.util.ArrayList.forEach(Unknown Source)
at org.testng.TestRunner.privateRun(TestRunner.java:794)
at org.testng.TestRunner.run(TestRunner.java:596)
at org.testng.SuiteRunner.runTest(SuiteRunner.java:377)
at org.testng.SuiteRunner.runSequentially(SuiteRunner.java:371)
at org.testng.SuiteRunner.privateRun(SuiteRunner.java:332)
at org.testng.SuiteRunner.run(SuiteRunner.java:276)
at org.testng.SuiteRunnerWorker.runSuite(SuiteRunnerWorker.java:53)
at org.testng.SuiteRunnerWorker.run(SuiteRunnerWorker.java:96)
at org.testng.TestNG.runSuitesSequentially(TestNG.java:1212)
at org.testng.TestNG.runSuitesLocally(TestNG.java:1134)
at org.testng.TestNG.runSuites(TestNG.java:1063)
at org.testng.TestNG.run(TestNG.java:1031)
at org.testng.remote.AbstractRemoteTestNG.run(AbstractRemoteTestNG.java:115)
at org.testng.remote.RemoteTestNG.initAndRun(RemoteTestNG.java:251)
at org.testng.remote.RemoteTestNG.main(RemoteTestNG.java:77)
]]>
    </error>
  </testcase> <!-- right -->
  <system-out/>
</testsuite> <!-- TestData.JobTrack360Maven.CreateNewProposalTest -->
