<?xml version="1.0" encoding="UTF-8"?>
<!-- Generated by org.testng.reporters.JUnitReportReporter -->
<testsuite skipped="0" hostname="DESKTOP-5P3NRET" name="com.org.ss.softsuave.LoginClass" tests="1" failures="0" timestamp="2021-12-20T19:09:19 IST" time="17.832" errors="0">
  <testcase name="launch" time="17.832" classname="com.org.ss.softsuave.LoginClass"/>
  <system-out/>
</testsuite> <!-- com.org.ss.softsuave.LoginClass -->
