<?xml version="1.0" encoding="UTF-8"?>
<!-- Generated by org.testng.reporters.JUnitReportReporter -->
<testsuite skipped="0" hostname="DESKTOP-5P3NRET" name="com.org.ss.softsuave.LoginClassTest" tests="2" failures="0" timestamp="2021-12-21T21:46:40 IST" time="5.561" errors="0">
  <testcase name="login" time="5.297" classname="com.org.ss.softsuave.LoginClassTest"/>
  <system-out/>
  <testcase name="patientlogin" time="0.264" classname="com.org.ss.softsuave.LoginClassTest"/>
  <system-out/>
</testsuite> <!-- com.org.ss.softsuave.LoginClassTest -->
