<?xml version="1.0" encoding="UTF-8"?>
<!-- Generated by org.testng.reporters.JUnitReportReporter -->
<testsuite skipped="0" hostname="DESKTOP-5P3NRET" name="com.google.thread.classes.TestRunBrowser" tests="1" failures="0" timestamp="2021-10-26T23:44:06 IST" time="0.006" errors="0">
  <testcase name="trailData" time="0.006" classname="com.google.thread.classes.TestRunBrowser"/>
  <system-out/>
</testsuite> <!-- com.google.thread.classes.TestRunBrowser -->
