<?xml version="1.0" encoding="UTF-8"?>
<!-- Generated by org.testng.reporters.JUnitReportReporter -->
<testsuite skipped="0" hostname="DESKTOP-5P3NRET" name="GoogleTestRunner" tests="1" failures="0" timestamp="2021-10-26T23:44:00 IST" time="0.007" errors="0">
  <testcase name="data" time="0.007" classname="GoogleTestRunner"/>
  <system-out/>
</testsuite> <!-- GoogleTestRunner -->
